{"/home/student/workspace/D3-React/client/store.js": {"path":"/home/student/workspace/D3-React/client/store.js","statementMap":{"0":{"start":{"line":6,"column":14},"end":{"line":9,"column":2}},"1":{"start":{"line":8,"column":63},"end":{"line":8,"column":64}}},"fnMap":{"0":{"name":"(anonymous_0)","decl":{"start":{"line":8,"column":58},"end":{"line":8,"column":59}},"loc":{"start":{"line":8,"column":63},"end":{"line":8,"column":64}},"line":8}},"branchMap":{"0":{"loc":{"start":{"line":8,"column":2},"end":{"line":8,"column":64}},"type":"cond-expr","locations":[{"start":{"line":8,"column":29},"end":{"line":8,"column":55}},{"start":{"line":8,"column":58},"end":{"line":8,"column":64}}],"line":8}},"s":{"0":1,"1":1},"f":{"0":1},"b":{"0":[0,1]},"_coverageSchema":"332fd63041d2c1bcb487cc26dd0d5f7d97098a6c","hash":"32a3da1b9cd536be5a7cd9fd8f34a7c1b5238fcc"}
,"/home/student/workspace/D3-React/client/actions/country.js": {"path":"/home/student/workspace/D3-React/client/actions/country.js","statementMap":{"0":{"start":{"line":2,"column":4},"end":{"line":5,"column":5}}},"fnMap":{"0":{"name":"selectCountryAction","decl":{"start":{"line":1,"column":16},"end":{"line":1,"column":35}},"loc":{"start":{"line":1,"column":45},"end":{"line":6,"column":1}},"line":1}},"branchMap":{},"s":{"0":0},"f":{"0":0},"b":{},"_coverageSchema":"332fd63041d2c1bcb487cc26dd0d5f7d97098a6c","hash":"c6f670438a9c7420a75201e7778946e4f24695ca"}
,"/home/student/workspace/D3-React/client/actions/data.js": {"path":"/home/student/workspace/D3-React/client/actions/data.js","statementMap":{"0":{"start":{"line":2,"column":4},"end":{"line":5,"column":5}}},"fnMap":{"0":{"name":"updateDataAction","decl":{"start":{"line":1,"column":16},"end":{"line":1,"column":32}},"loc":{"start":{"line":1,"column":39},"end":{"line":6,"column":1}},"line":1}},"branchMap":{},"s":{"0":0},"f":{"0":0},"b":{},"_coverageSchema":"332fd63041d2c1bcb487cc26dd0d5f7d97098a6c","hash":"0b11a46cefa69dc67b16e4e5c5618f04b64d311c"}
,"/home/student/workspace/D3-React/client/apis/climate.js": {"path":"/home/student/workspace/D3-React/client/apis/climate.js","statementMap":{"0":{"start":{"line":4,"column":2},"end":{"line":10,"column":6}},"1":{"start":{"line":8,"column":6},"end":{"line":8,"column":52}},"2":{"start":{"line":9,"column":6},"end":{"line":9,"column":16}},"3":{"start":{"line":13,"column":0},"end":{"line":15,"column":1}}},"fnMap":{"0":{"name":"getData","decl":{"start":{"line":3,"column":9},"end":{"line":3,"column":16}},"loc":{"start":{"line":3,"column":52},"end":{"line":11,"column":1}},"line":3},"1":{"name":"(anonymous_1)","decl":{"start":{"line":7,"column":10},"end":{"line":7,"column":11}},"loc":{"start":{"line":7,"column":17},"end":{"line":10,"column":5}},"line":7}},"branchMap":{},"s":{"0":0,"1":0,"2":0,"3":1},"f":{"0":0,"1":0},"b":{},"_coverageSchema":"332fd63041d2c1bcb487cc26dd0d5f7d97098a6c","hash":"770a40023d532f86b2bae03e2f7203644e603d56"}
,"/home/student/workspace/D3-React/client/apis/population.js": {"path":"/home/student/workspace/D3-React/client/apis/population.js","statementMap":{"0":{"start":{"line":4,"column":2},"end":{"line":5,"column":26}},"1":{"start":{"line":5,"column":17},"end":{"line":5,"column":25}},"2":{"start":{"line":9,"column":2},"end":{"line":10,"column":26}},"3":{"start":{"line":10,"column":17},"end":{"line":10,"column":25}},"4":{"start":{"line":13,"column":0},"end":{"line":16,"column":1}}},"fnMap":{"0":{"name":"getTotalByCountryFromXUntilY","decl":{"start":{"line":3,"column":9},"end":{"line":3,"column":37}},"loc":{"start":{"line":3,"column":67},"end":{"line":6,"column":1}},"line":3},"1":{"name":"(anonymous_1)","decl":{"start":{"line":5,"column":10},"end":{"line":5,"column":11}},"loc":{"start":{"line":5,"column":17},"end":{"line":5,"column":25}},"line":5},"2":{"name":"getCountryList","decl":{"start":{"line":8,"column":9},"end":{"line":8,"column":23}},"loc":{"start":{"line":8,"column":26},"end":{"line":11,"column":1}},"line":8},"3":{"name":"(anonymous_3)","decl":{"start":{"line":10,"column":10},"end":{"line":10,"column":11}},"loc":{"start":{"line":10,"column":17},"end":{"line":10,"column":25}},"line":10}},"branchMap":{},"s":{"0":0,"1":0,"2":0,"3":0,"4":1},"f":{"0":0,"1":0,"2":0,"3":0},"b":{},"_coverageSchema":"332fd63041d2c1bcb487cc26dd0d5f7d97098a6c","hash":"d5475bd699b8ce1b56a19fe7639200a5274485ef"}
,"/home/student/workspace/D3-React/client/components/App.jsx": {"path":"/home/student/workspace/D3-React/client/components/App.jsx","statementMap":{"0":{"start":{"line":20,"column":4},"end":{"line":20,"column":16}},"1":{"start":{"line":22,"column":4},"end":{"line":24,"column":5}},"2":{"start":{"line":28,"column":4},"end":{"line":33,"column":8}},"3":{"start":{"line":30,"column":8},"end":{"line":32,"column":10}},"4":{"start":{"line":37,"column":4},"end":{"line":41,"column":6}},"5":{"start":{"line":37,"column":49},"end":{"line":41,"column":6}},"6":{"start":{"line":45,"column":34},"end":{"line":45,"column":43}},"7":{"start":{"line":46,"column":4},"end":{"line":50,"column":8}},"8":{"start":{"line":48,"column":8},"end":{"line":48,"column":54}},"9":{"start":{"line":49,"column":8},"end":{"line":49,"column":51}},"10":{"start":{"line":55,"column":4},"end":{"line":63,"column":5}},"11":{"start":{"line":68,"column":2},"end":{"line":71,"column":3}}},"fnMap":{"0":{"name":"(anonymous_0)","decl":{"start":{"line":19,"column":2},"end":{"line":19,"column":3}},"loc":{"start":{"line":19,"column":21},"end":{"line":25,"column":3}},"line":19},"1":{"name":"(anonymous_1)","decl":{"start":{"line":27,"column":2},"end":{"line":27,"column":3}},"loc":{"start":{"line":27,"column":22},"end":{"line":34,"column":3}},"line":27},"2":{"name":"(anonymous_2)","decl":{"start":{"line":29,"column":12},"end":{"line":29,"column":13}},"loc":{"start":{"line":29,"column":23},"end":{"line":33,"column":7}},"line":29},"3":{"name":"(anonymous_3)","decl":{"start":{"line":36,"column":2},"end":{"line":36,"column":3}},"loc":{"start":{"line":36,"column":43},"end":{"line":42,"column":3}},"line":36},"4":{"name":"(anonymous_4)","decl":{"start":{"line":44,"column":2},"end":{"line":44,"column":3}},"loc":{"start":{"line":44,"column":24},"end":{"line":51,"column":3}},"line":44},"5":{"name":"(anonymous_5)","decl":{"start":{"line":47,"column":12},"end":{"line":47,"column":13}},"loc":{"start":{"line":47,"column":20},"end":{"line":50,"column":7}},"line":47},"6":{"name":"(anonymous_6)","decl":{"start":{"line":54,"column":2},"end":{"line":54,"column":3}},"loc":{"start":{"line":54,"column":11},"end":{"line":64,"column":3}},"line":54},"7":{"name":"mapStateToProps","decl":{"start":{"line":67,"column":9},"end":{"line":67,"column":24}},"loc":{"start":{"line":67,"column":42},"end":{"line":72,"column":1}},"line":67}},"branchMap":{"0":{"loc":{"start":{"line":37,"column":4},"end":{"line":41,"column":6}},"type":"if","locations":[{"start":{"line":37,"column":4},"end":{"line":41,"column":6}},{"start":{"line":37,"column":4},"end":{"line":41,"column":6}}],"line":37},"1":{"loc":{"start":{"line":58,"column":11},"end":{"line":60,"column":33}},"type":"cond-expr","locations":[{"start":{"line":59,"column":14},"end":{"line":59,"column":38}},{"start":{"line":60,"column":14},"end":{"line":60,"column":33}}],"line":58}},"s":{"0":0,"1":0,"2":0,"3":0,"4":0,"5":0,"6":0,"7":0,"8":0,"9":0,"10":0,"11":0},"f":{"0":0,"1":0,"2":0,"3":0,"4":0,"5":0,"6":0,"7":0},"b":{"0":[0,0],"1":[0,0]},"_coverageSchema":"332fd63041d2c1bcb487cc26dd0d5f7d97098a6c","hash":"fdbff79570c24f6c9794ef6a60b57cee6a01ae09"}
,"/home/student/workspace/D3-React/client/components/DisplayTemp.jsx": {"path":"/home/student/workspace/D3-React/client/components/DisplayTemp.jsx","statementMap":{"0":{"start":{"line":13,"column":4},"end":{"line":13,"column":16}},"1":{"start":{"line":15,"column":4},"end":{"line":18,"column":5}},"2":{"start":{"line":20,"column":4},"end":{"line":20,"column":44}},"3":{"start":{"line":21,"column":4},"end":{"line":21,"column":58}},"4":{"start":{"line":25,"column":4},"end":{"line":25,"column":19}},"5":{"start":{"line":29,"column":4},"end":{"line":34,"column":5}},"6":{"start":{"line":30,"column":6},"end":{"line":30,"column":28}},"7":{"start":{"line":31,"column":6},"end":{"line":33,"column":8}},"8":{"start":{"line":38,"column":17},"end":{"line":38,"column":62}},"9":{"start":{"line":40,"column":17},"end":{"line":40,"column":27}},"10":{"start":{"line":42,"column":16},"end":{"line":44,"column":30}},"11":{"start":{"line":46,"column":21},"end":{"line":46,"column":69}},"12":{"start":{"line":46,"column":53},"end":{"line":46,"column":68}},"13":{"start":{"line":47,"column":4},"end":{"line":47,"column":26}},"14":{"start":{"line":49,"column":20},"end":{"line":49,"column":50}},"15":{"start":{"line":50,"column":20},"end":{"line":50,"column":32}},"16":{"start":{"line":52,"column":19},"end":{"line":54,"column":32}},"17":{"start":{"line":56,"column":20},"end":{"line":58,"column":34}},"18":{"start":{"line":60,"column":4},"end":{"line":63,"column":25}},"19":{"start":{"line":70,"column":20},"end":{"line":71,"column":21}},"20":{"start":{"line":73,"column":4},"end":{"line":76,"column":19}},"21":{"start":{"line":74,"column":27},"end":{"line":74,"column":43}},"22":{"start":{"line":75,"column":23},"end":{"line":75,"column":42}},"23":{"start":{"line":78,"column":4},"end":{"line":81,"column":29}},"24":{"start":{"line":79,"column":22},"end":{"line":79,"column":27}},"25":{"start":{"line":81,"column":22},"end":{"line":81,"column":28}},"26":{"start":{"line":83,"column":4},"end":{"line":83,"column":35}},"27":{"start":{"line":87,"column":4},"end":{"line":94,"column":8}},"28":{"start":{"line":89,"column":26},"end":{"line":89,"column":51}},"29":{"start":{"line":90,"column":8},"end":{"line":90,"column":59}},"30":{"start":{"line":91,"column":8},"end":{"line":93,"column":10}},"31":{"start":{"line":98,"column":4},"end":{"line":104,"column":5}},"32":{"start":{"line":108,"column":0},"end":{"line":110,"column":1}}},"fnMap":{"0":{"name":"(anonymous_0)","decl":{"start":{"line":12,"column":2},"end":{"line":12,"column":3}},"loc":{"start":{"line":12,"column":21},"end":{"line":22,"column":3}},"line":12},"1":{"name":"(anonymous_1)","decl":{"start":{"line":24,"column":2},"end":{"line":24,"column":3}},"loc":{"start":{"line":24,"column":22},"end":{"line":26,"column":3}},"line":24},"2":{"name":"(anonymous_2)","decl":{"start":{"line":28,"column":2},"end":{"line":28,"column":3}},"loc":{"start":{"line":28,"column":23},"end":{"line":35,"column":3}},"line":28},"3":{"name":"(anonymous_3)","decl":{"start":{"line":37,"column":2},"end":{"line":37,"column":3}},"loc":{"start":{"line":37,"column":20},"end":{"line":84,"column":3}},"line":37},"4":{"name":"(anonymous_4)","decl":{"start":{"line":46,"column":48},"end":{"line":46,"column":49}},"loc":{"start":{"line":46,"column":53},"end":{"line":46,"column":68}},"line":46},"5":{"name":"(anonymous_5)","decl":{"start":{"line":74,"column":18},"end":{"line":74,"column":19}},"loc":{"start":{"line":74,"column":27},"end":{"line":74,"column":43}},"line":74},"6":{"name":"(anonymous_6)","decl":{"start":{"line":75,"column":18},"end":{"line":75,"column":19}},"loc":{"start":{"line":75,"column":23},"end":{"line":75,"column":42}},"line":75},"7":{"name":"(anonymous_7)","decl":{"start":{"line":79,"column":13},"end":{"line":79,"column":14}},"loc":{"start":{"line":79,"column":22},"end":{"line":79,"column":27}},"line":79},"8":{"name":"(anonymous_8)","decl":{"start":{"line":81,"column":17},"end":{"line":81,"column":18}},"loc":{"start":{"line":81,"column":22},"end":{"line":81,"column":28}},"line":81},"9":{"name":"(anonymous_9)","decl":{"start":{"line":86,"column":2},"end":{"line":86,"column":3}},"loc":{"start":{"line":86,"column":13},"end":{"line":95,"column":3}},"line":86},"10":{"name":"(anonymous_10)","decl":{"start":{"line":88,"column":12},"end":{"line":88,"column":13}},"loc":{"start":{"line":88,"column":19},"end":{"line":94,"column":7}},"line":88},"11":{"name":"(anonymous_11)","decl":{"start":{"line":97,"column":2},"end":{"line":97,"column":3}},"loc":{"start":{"line":97,"column":11},"end":{"line":105,"column":3}},"line":97}},"branchMap":{"0":{"loc":{"start":{"line":29,"column":4},"end":{"line":34,"column":5}},"type":"if","locations":[{"start":{"line":29,"column":4},"end":{"line":34,"column":5}},{"start":{"line":29,"column":4},"end":{"line":34,"column":5}}],"line":29}},"s":{"0":0,"1":0,"2":0,"3":0,"4":0,"5":0,"6":0,"7":0,"8":0,"9":0,"10":0,"11":0,"12":0,"13":0,"14":0,"15":0,"16":0,"17":0,"18":0,"19":0,"20":0,"21":0,"22":0,"23":0,"24":0,"25":0,"26":0,"27":0,"28":0,"29":0,"30":0,"31":0,"32":1},"f":{"0":0,"1":0,"2":0,"3":0,"4":0,"5":0,"6":0,"7":0,"8":0,"9":0,"10":0,"11":0},"b":{"0":[0,0]},"_coverageSchema":"332fd63041d2c1bcb487cc26dd0d5f7d97098a6c","hash":"5b956fef80927903faa2013a2ed881faabb9e52b"}
,"/home/student/workspace/D3-React/client/components/GlobeSelector.jsx": {"path":"/home/student/workspace/D3-React/client/components/GlobeSelector.jsx","statementMap":{"0":{"start":{"line":10,"column":17},"end":{"line":10,"column":36}},"1":{"start":{"line":14,"column":8},"end":{"line":14,"column":20}},"2":{"start":{"line":16,"column":8},"end":{"line":27,"column":9}},"3":{"start":{"line":29,"column":8},"end":{"line":29,"column":62}},"4":{"start":{"line":30,"column":8},"end":{"line":30,"column":88}},"5":{"start":{"line":31,"column":8},"end":{"line":31,"column":70}},"6":{"start":{"line":32,"column":8},"end":{"line":32,"column":82}},"7":{"start":{"line":36,"column":8},"end":{"line":46,"column":12}},"8":{"start":{"line":37,"column":22},"end":{"line":37,"column":38}},"9":{"start":{"line":39,"column":12},"end":{"line":39,"column":70}},"10":{"start":{"line":42,"column":12},"end":{"line":42,"column":44}},"11":{"start":{"line":45,"column":12},"end":{"line":45,"column":21}},"12":{"start":{"line":50,"column":23},"end":{"line":50,"column":73}},"13":{"start":{"line":51,"column":20},"end":{"line":51,"column":30}},"14":{"start":{"line":53,"column":18},"end":{"line":53,"column":21}},"15":{"start":{"line":54,"column":19},"end":{"line":54,"column":22}},"16":{"start":{"line":55,"column":17},"end":{"line":55,"column":21}},"17":{"start":{"line":57,"column":23},"end":{"line":61,"column":24}},"18":{"start":{"line":63,"column":17},"end":{"line":64,"column":33}},"19":{"start":{"line":66,"column":16},"end":{"line":68,"column":33}},"20":{"start":{"line":70,"column":6},"end":{"line":73,"column":26}},"21":{"start":{"line":75,"column":27},"end":{"line":76,"column":42}},"22":{"start":{"line":78,"column":24},"end":{"line":80,"column":36}},"23":{"start":{"line":82,"column":6},"end":{"line":92,"column":8}},"24":{"start":{"line":83,"column":8},"end":{"line":91,"column":16}},"25":{"start":{"line":96,"column":6},"end":{"line":99,"column":8}},"26":{"start":{"line":103,"column":22},"end":{"line":103,"column":87}},"27":{"start":{"line":105,"column":26},"end":{"line":105,"column":28}},"28":{"start":{"line":112,"column":10},"end":{"line":112,"column":20}},"29":{"start":{"line":114,"column":20},"end":{"line":114,"column":30}},"30":{"start":{"line":117,"column":6},"end":{"line":122,"column":8}},"31":{"start":{"line":118,"column":10},"end":{"line":118,"column":36}},"32":{"start":{"line":119,"column":10},"end":{"line":121,"column":42}},"33":{"start":{"line":125,"column":18},"end":{"line":129,"column":26}},"34":{"start":{"line":133,"column":6},"end":{"line":153,"column":11}},"35":{"start":{"line":134,"column":10},"end":{"line":138,"column":31}},"36":{"start":{"line":139,"column":10},"end":{"line":139,"column":29}},"37":{"start":{"line":142,"column":10},"end":{"line":143,"column":36}},"38":{"start":{"line":144,"column":10},"end":{"line":144,"column":29}},"39":{"start":{"line":147,"column":10},"end":{"line":148,"column":54}},"40":{"start":{"line":149,"column":10},"end":{"line":149,"column":29}},"41":{"start":{"line":152,"column":10},"end":{"line":152,"column":25}},"42":{"start":{"line":155,"column":6},"end":{"line":155,"column":25}},"43":{"start":{"line":156,"column":6},"end":{"line":164,"column":8}},"44":{"start":{"line":157,"column":8},"end":{"line":163,"column":19}},"45":{"start":{"line":168,"column":6},"end":{"line":168,"column":68}},"46":{"start":{"line":172,"column":20},"end":{"line":172,"column":30}},"47":{"start":{"line":181,"column":10},"end":{"line":181,"column":20}},"48":{"start":{"line":183,"column":22},"end":{"line":183,"column":32}},"49":{"start":{"line":185,"column":27},"end":{"line":187,"column":51}},"50":{"start":{"line":189,"column":6},"end":{"line":189,"column":55}},"51":{"start":{"line":191,"column":25},"end":{"line":191,"column":73}},"52":{"start":{"line":191,"column":47},"end":{"line":191,"column":69}},"53":{"start":{"line":193,"column":19},"end":{"line":193,"column":38}},"54":{"start":{"line":194,"column":27},"end":{"line":194,"column":83}},"55":{"start":{"line":194,"column":47},"end":{"line":194,"column":82}},"56":{"start":{"line":195,"column":14},"end":{"line":195,"column":44}},"57":{"start":{"line":197,"column":6},"end":{"line":197,"column":68}},"58":{"start":{"line":200,"column":6},"end":{"line":216,"column":8}},"59":{"start":{"line":203,"column":16},"end":{"line":203,"column":67}},"60":{"start":{"line":204,"column":8},"end":{"line":215,"column":10}},"61":{"start":{"line":205,"column":10},"end":{"line":205,"column":34}},"62":{"start":{"line":206,"column":10},"end":{"line":214,"column":15}},"63":{"start":{"line":209,"column":14},"end":{"line":213,"column":34}},"64":{"start":{"line":210,"column":30},"end":{"line":210,"column":31}},"65":{"start":{"line":211,"column":16},"end":{"line":211,"column":40}},"66":{"start":{"line":212,"column":16},"end":{"line":212,"column":27}},"67":{"start":{"line":213,"column":21},"end":{"line":213,"column":34}},"68":{"start":{"line":217,"column":6},"end":{"line":217,"column":32}},"69":{"start":{"line":221,"column":8},"end":{"line":225,"column":9}}},"fnMap":{"0":{"name":"(anonymous_0)","decl":{"start":{"line":13,"column":4},"end":{"line":13,"column":5}},"loc":{"start":{"line":13,"column":23},"end":{"line":33,"column":5}},"line":13},"1":{"name":"(anonymous_1)","decl":{"start":{"line":35,"column":4},"end":{"line":35,"column":5}},"loc":{"start":{"line":35,"column":24},"end":{"line":47,"column":5}},"line":35},"2":{"name":"(anonymous_2)","decl":{"start":{"line":37,"column":16},"end":{"line":37,"column":17}},"loc":{"start":{"line":37,"column":22},"end":{"line":37,"column":38}},"line":37},"3":{"name":"(anonymous_3)","decl":{"start":{"line":38,"column":16},"end":{"line":38,"column":17}},"loc":{"start":{"line":38,"column":40},"end":{"line":40,"column":11}},"line":38},"4":{"name":"(anonymous_4)","decl":{"start":{"line":41,"column":16},"end":{"line":41,"column":17}},"loc":{"start":{"line":41,"column":22},"end":{"line":43,"column":11}},"line":41},"5":{"name":"(anonymous_5)","decl":{"start":{"line":44,"column":17},"end":{"line":44,"column":18}},"loc":{"start":{"line":44,"column":24},"end":{"line":46,"column":11}},"line":44},"6":{"name":"(anonymous_6)","decl":{"start":{"line":49,"column":4},"end":{"line":49,"column":5}},"loc":{"start":{"line":49,"column":22},"end":{"line":93,"column":5}},"line":49},"7":{"name":"(anonymous_7)","decl":{"start":{"line":82,"column":25},"end":{"line":82,"column":26}},"loc":{"start":{"line":82,"column":46},"end":{"line":92,"column":7}},"line":82},"8":{"name":"(anonymous_8)","decl":{"start":{"line":95,"column":4},"end":{"line":95,"column":5}},"loc":{"start":{"line":95,"column":16},"end":{"line":100,"column":5}},"line":95},"9":{"name":"(anonymous_9)","decl":{"start":{"line":102,"column":4},"end":{"line":102,"column":5}},"loc":{"start":{"line":102,"column":57},"end":{"line":165,"column":5}},"line":102},"10":{"name":"(anonymous_10)","decl":{"start":{"line":117,"column":26},"end":{"line":117,"column":27}},"loc":{"start":{"line":117,"column":31},"end":{"line":122,"column":7}},"line":117},"11":{"name":"(anonymous_11)","decl":{"start":{"line":133,"column":28},"end":{"line":133,"column":29}},"loc":{"start":{"line":133,"column":33},"end":{"line":140,"column":9}},"line":133},"12":{"name":"(anonymous_12)","decl":{"start":{"line":141,"column":24},"end":{"line":141,"column":25}},"loc":{"start":{"line":141,"column":29},"end":{"line":145,"column":9}},"line":141},"13":{"name":"(anonymous_13)","decl":{"start":{"line":146,"column":25},"end":{"line":146,"column":26}},"loc":{"start":{"line":146,"column":30},"end":{"line":150,"column":9}},"line":146},"14":{"name":"(anonymous_14)","decl":{"start":{"line":151,"column":21},"end":{"line":151,"column":22}},"loc":{"start":{"line":151,"column":26},"end":{"line":153,"column":9}},"line":151},"15":{"name":"(anonymous_15)","decl":{"start":{"line":156,"column":25},"end":{"line":156,"column":26}},"loc":{"start":{"line":156,"column":46},"end":{"line":164,"column":7}},"line":156},"16":{"name":"(anonymous_16)","decl":{"start":{"line":167,"column":4},"end":{"line":167,"column":5}},"loc":{"start":{"line":167,"column":32},"end":{"line":169,"column":5}},"line":167},"17":{"name":"(anonymous_17)","decl":{"start":{"line":171,"column":4},"end":{"line":171,"column":5}},"loc":{"start":{"line":171,"column":27},"end":{"line":218,"column":5}},"line":171},"18":{"name":"(anonymous_18)","decl":{"start":{"line":191,"column":42},"end":{"line":191,"column":43}},"loc":{"start":{"line":191,"column":47},"end":{"line":191,"column":69}},"line":191},"19":{"name":"(anonymous_19)","decl":{"start":{"line":194,"column":42},"end":{"line":194,"column":43}},"loc":{"start":{"line":194,"column":47},"end":{"line":194,"column":82}},"line":194},"20":{"name":"(anonymous_20)","decl":{"start":{"line":202,"column":23},"end":{"line":202,"column":24}},"loc":{"start":{"line":202,"column":29},"end":{"line":216,"column":7}},"line":202},"21":{"name":"(anonymous_21)","decl":{"start":{"line":204,"column":15},"end":{"line":204,"column":16}},"loc":{"start":{"line":204,"column":20},"end":{"line":215,"column":9}},"line":204},"22":{"name":"(anonymous_22)","decl":{"start":{"line":208,"column":32},"end":{"line":208,"column":33}},"loc":{"start":{"line":208,"column":42},"end":{"line":214,"column":13}},"line":208},"23":{"name":"(anonymous_23)","decl":{"start":{"line":220,"column":4},"end":{"line":220,"column":5}},"loc":{"start":{"line":220,"column":13},"end":{"line":226,"column":5}},"line":220}},"branchMap":{"0":{"loc":{"start":{"line":209,"column":14},"end":{"line":213,"column":34}},"type":"if","locations":[{"start":{"line":209,"column":14},"end":{"line":213,"column":34}},{"start":{"line":209,"column":14},"end":{"line":213,"column":34}}],"line":209}},"s":{"0":1,"1":0,"2":0,"3":0,"4":0,"5":0,"6":0,"7":0,"8":0,"9":0,"10":0,"11":0,"12":0,"13":0,"14":0,"15":0,"16":0,"17":0,"18":0,"19":0,"20":0,"21":0,"22":0,"23":0,"24":0,"25":0,"26":0,"27":0,"28":0,"29":0,"30":0,"31":0,"32":0,"33":0,"34":0,"35":0,"36":0,"37":0,"38":0,"39":0,"40":0,"41":0,"42":0,"43":0,"44":0,"45":0,"46":0,"47":0,"48":0,"49":0,"50":0,"51":0,"52":0,"53":0,"54":0,"55":0,"56":0,"57":0,"58":0,"59":0,"60":0,"61":0,"62":0,"63":0,"64":0,"65":0,"66":0,"67":0,"68":0,"69":0},"f":{"0":0,"1":0,"2":0,"3":0,"4":0,"5":0,"6":0,"7":0,"8":0,"9":0,"10":0,"11":0,"12":0,"13":0,"14":0,"15":0,"16":0,"17":0,"18":0,"19":0,"20":0,"21":0,"22":0,"23":0},"b":{"0":[0,0]},"_coverageSchema":"332fd63041d2c1bcb487cc26dd0d5f7d97098a6c","hash":"1858ed36b323fb45a8404d2ae6a56c00a17bf963"}
,"/home/student/workspace/D3-React/client/components/PopulationGraph.jsx": {"path":"/home/student/workspace/D3-React/client/components/PopulationGraph.jsx","statementMap":{"0":{"start":{"line":12,"column":6},"end":{"line":12,"column":18}},"1":{"start":{"line":14,"column":6},"end":{"line":14,"column":54}},"2":{"start":{"line":15,"column":6},"end":{"line":15,"column":54}},"3":{"start":{"line":17,"column":6},"end":{"line":20,"column":7}},"4":{"start":{"line":24,"column":6},"end":{"line":24,"column":25}},"5":{"start":{"line":28,"column":6},"end":{"line":30,"column":7}},"6":{"start":{"line":29,"column":8},"end":{"line":29,"column":27}},"7":{"start":{"line":34,"column":19},"end":{"line":34,"column":60}},"8":{"start":{"line":36,"column":22},"end":{"line":36,"column":32}},"9":{"start":{"line":38,"column":22},"end":{"line":42,"column":7}},"10":{"start":{"line":44,"column":6},"end":{"line":44,"column":41}},"11":{"start":{"line":45,"column":6},"end":{"line":45,"column":43}},"12":{"start":{"line":46,"column":6},"end":{"line":46,"column":43}},"13":{"start":{"line":47,"column":6},"end":{"line":47,"column":37}},"14":{"start":{"line":48,"column":6},"end":{"line":48,"column":39}},"15":{"start":{"line":49,"column":6},"end":{"line":49,"column":30}},"16":{"start":{"line":50,"column":6},"end":{"line":50,"column":45}},"17":{"start":{"line":52,"column":6},"end":{"line":55,"column":8}},"18":{"start":{"line":59,"column":19},"end":{"line":59,"column":34}},"19":{"start":{"line":60,"column":65},"end":{"line":60,"column":83}},"20":{"start":{"line":62,"column":21},"end":{"line":62,"column":65}},"21":{"start":{"line":64,"column":22},"end":{"line":64,"column":32}},"22":{"start":{"line":65,"column":19},"end":{"line":65,"column":101}},"23":{"start":{"line":67,"column":6},"end":{"line":68,"column":35}},"24":{"start":{"line":70,"column":19},"end":{"line":70,"column":34}},"25":{"start":{"line":72,"column":6},"end":{"line":72,"column":83}},"26":{"start":{"line":72,"column":21},"end":{"line":72,"column":81}},"27":{"start":{"line":72,"column":53},"end":{"line":72,"column":81}},"28":{"start":{"line":74,"column":6},"end":{"line":74,"column":68}},"29":{"start":{"line":76,"column":6},"end":{"line":77,"column":49}},"30":{"start":{"line":77,"column":41},"end":{"line":77,"column":47}},"31":{"start":{"line":79,"column":6},"end":{"line":81,"column":58}},"32":{"start":{"line":81,"column":42},"end":{"line":81,"column":54}},"33":{"start":{"line":83,"column":6},"end":{"line":85,"column":37}},"34":{"start":{"line":84,"column":16},"end":{"line":84,"column":30}},"35":{"start":{"line":85,"column":16},"end":{"line":85,"column":36}},"36":{"start":{"line":88,"column":6},"end":{"line":89,"column":36}},"37":{"start":{"line":94,"column":6},"end":{"line":94,"column":37}},"38":{"start":{"line":107,"column":6},"end":{"line":113,"column":25}},"39":{"start":{"line":116,"column":6},"end":{"line":116,"column":30}},"40":{"start":{"line":120,"column":6},"end":{"line":125,"column":7}},"41":{"start":{"line":130,"column":2},"end":{"line":132,"column":3}}},"fnMap":{"0":{"name":"(anonymous_0)","decl":{"start":{"line":11,"column":4},"end":{"line":11,"column":5}},"loc":{"start":{"line":11,"column":23},"end":{"line":21,"column":5}},"line":11},"1":{"name":"(anonymous_1)","decl":{"start":{"line":23,"column":4},"end":{"line":23,"column":5}},"loc":{"start":{"line":23,"column":24},"end":{"line":25,"column":5}},"line":23},"2":{"name":"(anonymous_2)","decl":{"start":{"line":27,"column":4},"end":{"line":27,"column":5}},"loc":{"start":{"line":27,"column":34},"end":{"line":31,"column":5}},"line":27},"3":{"name":"(anonymous_3)","decl":{"start":{"line":33,"column":4},"end":{"line":33,"column":5}},"loc":{"start":{"line":33,"column":19},"end":{"line":56,"column":5}},"line":33},"4":{"name":"(anonymous_4)","decl":{"start":{"line":58,"column":4},"end":{"line":58,"column":5}},"loc":{"start":{"line":58,"column":19},"end":{"line":117,"column":5}},"line":58},"5":{"name":"(anonymous_5)","decl":{"start":{"line":72,"column":15},"end":{"line":72,"column":16}},"loc":{"start":{"line":72,"column":20},"end":{"line":72,"column":82}},"line":72},"6":{"name":"(anonymous_6)","decl":{"start":{"line":77,"column":36},"end":{"line":77,"column":37}},"loc":{"start":{"line":77,"column":41},"end":{"line":77,"column":47}},"line":77},"7":{"name":"(anonymous_7)","decl":{"start":{"line":81,"column":37},"end":{"line":81,"column":38}},"loc":{"start":{"line":81,"column":42},"end":{"line":81,"column":54}},"line":81},"8":{"name":"(anonymous_8)","decl":{"start":{"line":84,"column":11},"end":{"line":84,"column":12}},"loc":{"start":{"line":84,"column":16},"end":{"line":84,"column":30}},"line":84},"9":{"name":"(anonymous_9)","decl":{"start":{"line":85,"column":11},"end":{"line":85,"column":12}},"loc":{"start":{"line":85,"column":16},"end":{"line":85,"column":36}},"line":85},"10":{"name":"(anonymous_10)","decl":{"start":{"line":119,"column":4},"end":{"line":119,"column":5}},"loc":{"start":{"line":119,"column":13},"end":{"line":126,"column":5}},"line":119},"11":{"name":"mapStateToProps","decl":{"start":{"line":129,"column":9},"end":{"line":129,"column":24}},"loc":{"start":{"line":129,"column":33},"end":{"line":133,"column":1}},"line":129}},"branchMap":{"0":{"loc":{"start":{"line":28,"column":6},"end":{"line":30,"column":7}},"type":"if","locations":[{"start":{"line":28,"column":6},"end":{"line":30,"column":7}},{"start":{"line":28,"column":6},"end":{"line":30,"column":7}}],"line":28},"1":{"loc":{"start":{"line":72,"column":21},"end":{"line":72,"column":81}},"type":"if","locations":[{"start":{"line":72,"column":21},"end":{"line":72,"column":81}},{"start":{"line":72,"column":21},"end":{"line":72,"column":81}}],"line":72}},"s":{"0":0,"1":0,"2":0,"3":0,"4":0,"5":0,"6":0,"7":0,"8":0,"9":0,"10":0,"11":0,"12":0,"13":0,"14":0,"15":0,"16":0,"17":0,"18":0,"19":0,"20":0,"21":0,"22":0,"23":0,"24":0,"25":0,"26":0,"27":0,"28":0,"29":0,"30":0,"31":0,"32":0,"33":0,"34":0,"35":0,"36":0,"37":0,"38":0,"39":0,"40":0,"41":0},"f":{"0":0,"1":0,"2":0,"3":0,"4":0,"5":0,"6":0,"7":0,"8":0,"9":0,"10":0,"11":0},"b":{"0":[0,0],"1":[0,0]},"_coverageSchema":"332fd63041d2c1bcb487cc26dd0d5f7d97098a6c","hash":"3ec2ed5461f9d4c7d91baf5a044bd9859ab618fa"}
,"/home/student/workspace/D3-React/client/reducers/country.js": {"path":"/home/student/workspace/D3-React/client/reducers/country.js","statementMap":{"0":{"start":{"line":2,"column":2},"end":{"line":7,"column":3}},"1":{"start":{"line":4,"column":6},"end":{"line":4,"column":27}},"2":{"start":{"line":6,"column":6},"end":{"line":6,"column":18}}},"fnMap":{"0":{"name":"country","decl":{"start":{"line":1,"column":9},"end":{"line":1,"column":16}},"loc":{"start":{"line":1,"column":43},"end":{"line":8,"column":1}},"line":1}},"branchMap":{"0":{"loc":{"start":{"line":1,"column":18},"end":{"line":1,"column":33}},"type":"default-arg","locations":[{"start":{"line":1,"column":26},"end":{"line":1,"column":33}}],"line":1},"1":{"loc":{"start":{"line":2,"column":2},"end":{"line":7,"column":3}},"type":"switch","locations":[{"start":{"line":3,"column":4},"end":{"line":4,"column":27}},{"start":{"line":5,"column":4},"end":{"line":6,"column":18}}],"line":2}},"s":{"0":3,"1":0,"2":3},"f":{"0":3},"b":{"0":[3],"1":[0,3]},"_coverageSchema":"332fd63041d2c1bcb487cc26dd0d5f7d97098a6c","hash":"cac7b86092af7f6920a81e776bb422beb7e9bf6b"}
,"/home/student/workspace/D3-React/client/reducers/data.js": {"path":"/home/student/workspace/D3-React/client/reducers/data.js","statementMap":{"0":{"start":{"line":2,"column":4},"end":{"line":7,"column":5}},"1":{"start":{"line":4,"column":12},"end":{"line":4,"column":30}},"2":{"start":{"line":6,"column":12},"end":{"line":6,"column":24}}},"fnMap":{"0":{"name":"data","decl":{"start":{"line":1,"column":24},"end":{"line":1,"column":28}},"loc":{"start":{"line":1,"column":49},"end":{"line":8,"column":1}},"line":1}},"branchMap":{"0":{"loc":{"start":{"line":1,"column":29},"end":{"line":1,"column":39}},"type":"default-arg","locations":[{"start":{"line":1,"column":37},"end":{"line":1,"column":39}}],"line":1},"1":{"loc":{"start":{"line":2,"column":4},"end":{"line":7,"column":5}},"type":"switch","locations":[{"start":{"line":3,"column":8},"end":{"line":4,"column":30}},{"start":{"line":5,"column":8},"end":{"line":6,"column":24}}],"line":2}},"s":{"0":3,"1":0,"2":3},"f":{"0":3},"b":{"0":[3],"1":[0,3]},"_coverageSchema":"332fd63041d2c1bcb487cc26dd0d5f7d97098a6c","hash":"a9a84bb7f9e7b4ee18e63edb6bfffa7980ecf149"}
,"/home/student/workspace/D3-React/client/reducers/index.js": {"path":"/home/student/workspace/D3-React/client/reducers/index.js","statementMap":{},"fnMap":{},"branchMap":{},"s":{},"f":{},"b":{},"_coverageSchema":"332fd63041d2c1bcb487cc26dd0d5f7d97098a6c","hash":"cb64a54689851fdd5aa958e2808fbc7186bad209"}
,"/home/student/workspace/D3-React/server/data/co2.js": {"path":"/home/student/workspace/D3-React/server/data/co2.js","statementMap":{"0":{"start":{"line":58,"column":0},"end":{"line":99,"column":1}}},"fnMap":{},"branchMap":{},"s":{"0":1},"f":{},"b":{},"_coverageSchema":"332fd63041d2c1bcb487cc26dd0d5f7d97098a6c","hash":"4a8421a65e17469fe4480d05f9015293f309cbbd"}
,"/home/student/workspace/D3-React/test/client/setup-dom.js": {"path":"/home/student/workspace/D3-React/test/client/setup-dom.js","statementMap":{"0":{"start":{"line":1,"column":0},"end":{"line":1,"column":25}},"1":{"start":{"line":3,"column":18},"end":{"line":3,"column":34}},"2":{"start":{"line":5,"column":12},"end":{"line":5,"column":38}},"3":{"start":{"line":7,"column":0},"end":{"line":7,"column":26}},"4":{"start":{"line":8,"column":0},"end":{"line":8,"column":37}},"5":{"start":{"line":9,"column":0},"end":{"line":9,"column":39}}},"fnMap":{},"branchMap":{},"s":{"0":1,"1":1,"2":1,"3":1,"4":1,"5":1},"f":{},"b":{},"_coverageSchema":"332fd63041d2c1bcb487cc26dd0d5f7d97098a6c","hash":"0b190e90a9d7d215d10ed6c31553ad02511263cc"}
}
